<?xml version="1.0" encoding="UTF-8"?>
<coverage generated="1676986035641" clover="3.2.0">
  <project timestamp="1676986035641" name="All files">
    <metrics statements="43" coveredstatements="41" conditionals="0" coveredconditionals="0" methods="4" coveredmethods="0" elements="47" coveredelements="41" complexity="0" loc="43" ncloc="43" packages="1" files="1" classes="1"/>
    <file name="VerseCard.vue" path="C:\Users\jceza\dev\jcds99\daily-verse\app\src\components\VerseCard.vue">
      <metrics statements="43" coveredstatements="41" conditionals="0" coveredconditionals="0" methods="4" coveredmethods="0"/>
      <line num="1" count="1" type="stmt"/>
      <line num="2" count="1" type="stmt"/>
      <line num="3" count="1" type="stmt"/>
      <line num="4" count="1" type="stmt"/>
      <line num="5" count="1" type="stmt"/>
      <line num="6" count="1" type="stmt"/>
      <line num="7" count="1" type="stmt"/>
      <line num="8" count="1" type="stmt"/>
      <line num="9" count="1" type="stmt"/>
      <line num="10" count="1" type="stmt"/>
      <line num="11" count="1" type="stmt"/>
      <line num="12" count="1" type="stmt"/>
      <line num="13" count="1" type="stmt"/>
      <line num="14" count="1" type="stmt"/>
      <line num="15" count="1" type="stmt"/>
      <line num="16" count="1" type="stmt"/>
      <line num="17" count="1" type="stmt"/>
      <line num="18" count="1" type="stmt"/>
      <line num="19" count="1" type="stmt"/>
      <line num="20" count="1" type="stmt"/>
      <line num="21" count="1" type="stmt"/>
      <line num="22" count="1" type="stmt"/>
      <line num="23" count="1" type="stmt"/>
      <line num="24" count="1" type="stmt"/>
      <line num="25" count="1" type="stmt"/>
      <line num="26" count="1" type="stmt"/>
      <line num="27" count="1" type="stmt"/>
      <line num="28" count="0" type="stmt"/>
      <line num="29" count="0" type="stmt"/>
      <line num="30" count="1" type="stmt"/>
      <line num="31" count="1" type="stmt"/>
      <line num="32" count="1" type="stmt"/>
      <line num="33" count="1" type="stmt"/>
      <line num="34" count="1" type="stmt"/>
      <line num="35" count="1" type="stmt"/>
      <line num="36" count="1" type="stmt"/>
      <line num="37" count="1" type="stmt"/>
      <line num="38" count="1" type="stmt"/>
      <line num="39" count="1" type="stmt"/>
      <line num="40" count="1" type="stmt"/>
      <line num="41" count="1" type="stmt"/>
      <line num="42" count="1" type="stmt"/>
      <line num="43" count="1" type="stmt"/>
    </file>
  </project>
</coverage>
